# JRE version: Java(TM) SE Runtime Environment (20.0.1+9) (build 20.0.1+9-29)
# Java VM: Java HotSpot(TM) 64-Bit Server VM (20.0.1+9-29, mixed mode, sharing, tiered, compressed oops, compressed class ptrs, parallel gc, windows-amd64)
GC Precious Log:
 CardTable entry size: 512
 CPUs: 8 total, 8 available
 Memory: 8076M
 Large Page Support: Disabled
 NUMA Support: Disabled
 Compressed Oops: Enabled (32-bit)
 Alignments: Space 512K, Generation 512K, Heap 2M
 Heap Min Capacity: 100M
 Heap Initial Capacity: 100M
 Heap Max Capacity: 1G
 Pre-touch: Disabled
 Parallel Workers: 8
Heap:
 PSYoungGen      total 20480K, used 9677K [0x00000000eab00000, 0x00000000ec100000, 0x0000000100000000)
  eden space 19456K, 46% used [0x00000000eab00000,0x00000000eb3de240,0x00000000ebe00000)
  from space 1024K, 58% used [0x00000000ec000000,0x00000000ec095300,0x00000000ec100000)
  to   space 1024K, 0% used [0x00000000ebf00000,0x00000000ebf00000,0x00000000ec000000)
 ParOldGen       total 68608K, used 39967K [0x00000000c0000000, 0x00000000c4300000, 0x00000000eab00000)
  object space 68608K, 58% used [0x00000000c0000000,0x00000000c2707ff0,0x00000000c4300000)
 Metaspace       used 39738K, committed 40704K, reserved 1114112K
  class space    used 3801K, committed 4224K, reserved 1048576K
GC Heap History (20 events):
Event: 19.371 GC heap before
{Heap before GC invocations=18 (full 1):
 PSYoungGen      total 22528K, used 17654K [0x00000000eab00000, 0x00000000ec480000, 0x0000000100000000)
  eden space 21504K, 79% used [0x00000000eab00000,0x00000000ebbadbc0,0x00000000ec000000)
  from space 1024K, 56% used [0x00000000ec380000,0x00000000ec410000,0x00000000ec480000)
  to   space 1536K, 0% used [0x00000000ec180000,0x00000000ec180000,0x00000000ec300000)
 ParOldGen       total 68608K, used 26618K [0x00000000c0000000, 0x00000000c4300000, 0x00000000eab00000)
  object space 68608K, 38% used [0x00000000c0000000,0x00000000c19fe930,0x00000000c4300000)
 Metaspace       used 35006K, committed 35840K, reserved 1114112K
  class space    used 3437K, committed 3840K, reserved 1048576K
}
Event: 19.375 GC heap after
{Heap after GC invocations=18 (full 1):
 PSYoungGen      total 23040K, used 1504K [0x00000000eab00000, 0x00000000ec600000, 0x0000000100000000)
  eden space 21504K, 0% used [0x00000000eab00000,0x00000000eab00000,0x00000000ec000000)
  from space 1536K, 97% used [0x00000000ec180000,0x00000000ec2f8020,0x00000000ec300000)
  to   space 3072K, 0% used [0x00000000ec300000,0x00000000ec300000,0x00000000ec600000)
 ParOldGen       total 68608K, used 27710K [0x00000000c0000000, 0x00000000c4300000, 0x00000000eab00000)
  object space 68608K, 40% used [0x00000000c0000000,0x00000000c1b0fa50,0x00000000c4300000)
 Metaspace       used 35006K, committed 35840K, reserved 1114112K
  class space    used 3437K, committed 3840K, reserved 1048576K
}
Event: 19.375 GC heap before
{Heap before GC invocations=19 (full 2):
 PSYoungGen      total 23040K, used 1504K [0x00000000eab00000, 0x00000000ec600000, 0x0000000100000000)
  eden space 21504K, 0% used [0x00000000eab00000,0x00000000eab00000,0x00000000ec000000)
  from space 1536K, 97% used [0x00000000ec180000,0x00000000ec2f8020,0x00000000ec300000)
  to   space 3072K, 0% used [0x00000000ec300000,0x00000000ec300000,0x00000000ec600000)
 ParOldGen       total 68608K, used 27710K [0x00000000c0000000, 0x00000000c4300000, 0x00000000eab00000)
  object space 68608K, 40% used [0x00000000c0000000,0x00000000c1b0fa50,0x00000000c4300000)
 Metaspace       used 35006K, committed 35840K, reserved 1114112K
  class space    used 3437K, committed 3840K, reserved 1048576K
}
Event: 19.480 GC heap after
{Heap after GC invocations=19 (full 2):
 PSYoungGen      total 23040K, used 0K [0x00000000eab00000, 0x00000000ec600000, 0x0000000100000000)
  eden space 21504K, 0% used [0x00000000eab00000,0x00000000eab00000,0x00000000ec000000)
  from space 1536K, 0% used [0x00000000ec180000,0x00000000ec180000,0x00000000ec300000)
  to   space 3072K, 0% used [0x00000000ec300000,0x00000000ec300000,0x00000000ec600000)
 ParOldGen       total 68608K, used 28208K [0x00000000c0000000, 0x00000000c4300000, 0x00000000eab00000)
  object space 68608K, 41% used [0x00000000c0000000,0x00000000c1b8c258,0x00000000c4300000)
 Metaspace       used 34997K, committed 35840K, reserved 1114112K
  class space    used 3434K, committed 3840K, reserved 1048576K
}
Event: 20.192 GC heap before
{Heap before GC invocations=20 (full 2):
 PSYoungGen      total 23040K, used 21423K [0x00000000eab00000, 0x00000000ec600000, 0x0000000100000000)
  eden space 21504K, 99% used [0x00000000eab00000,0x00000000ebfebdf0,0x00000000ec000000)
  from space 1536K, 0% used [0x00000000ec180000,0x00000000ec180000,0x00000000ec300000)
  to   space 3072K, 0% used [0x00000000ec300000,0x00000000ec300000,0x00000000ec600000)
 ParOldGen       total 68608K, used 28208K [0x00000000c0000000, 0x00000000c4300000, 0x00000000eab00000)
  object space 68608K, 41% used [0x00000000c0000000,0x00000000c1b8c258,0x00000000c4300000)
 Metaspace       used 35991K, committed 36864K, reserved 1114112K
  class space    used 3521K, committed 3904K, reserved 1048576K
}
Event: 20.194 GC heap after
{Heap after GC invocations=20 (full 2):
 PSYoungGen      total 23040K, used 1342K [0x00000000eab00000, 0x00000000ec480000, 0x0000000100000000)
  eden space 21504K, 0% used [0x00000000eab00000,0x00000000eab00000,0x00000000ec000000)
  from space 1536K, 87% used [0x00000000ec300000,0x00000000ec44fb00,0x00000000ec480000)
  to   space 2048K, 0% used [0x00000000ec080000,0x00000000ec080000,0x00000000ec280000)
 ParOldGen       total 68608K, used 28216K [0x00000000c0000000, 0x00000000c4300000, 0x00000000eab00000)
  object space 68608K, 41% used [0x00000000c0000000,0x00000000c1b8e258,0x00000000c4300000)
 Metaspace       used 35991K, committed 36864K, reserved 1114112K
  class space    used 3521K, committed 3904K, reserved 1048576K
}
Event: 20.645 GC heap before
{Heap before GC invocations=21 (full 2):
 PSYoungGen      total 23040K, used 22846K [0x00000000eab00000, 0x00000000ec480000, 0x0000000100000000)
  eden space 21504K, 100% used [0x00000000eab00000,0x00000000ec000000,0x00000000ec000000)
  from space 1536K, 87% used [0x00000000ec300000,0x00000000ec44fb00,0x00000000ec480000)
  to   space 2048K, 0% used [0x00000000ec080000,0x00000000ec080000,0x00000000ec280000)
 ParOldGen       total 68608K, used 28216K [0x00000000c0000000, 0x00000000c4300000, 0x00000000eab00000)
  object space 68608K, 41% used [0x00000000c0000000,0x00000000c1b8e258,0x00000000c4300000)
 Metaspace       used 36720K, committed 37696K, reserved 1114112K
  class space    used 3569K, committed 4032K, reserved 1048576K
}
Event: 20.648 GC heap after
{Heap after GC invocations=21 (full 2):
 PSYoungGen      total 22528K, used 926K [0x00000000eab00000, 0x00000000ec380000, 0x0000000100000000)
  eden space 21504K, 0% used [0x00000000eab00000,0x00000000eab00000,0x00000000ec000000)
  from space 1024K, 90% used [0x00000000ec080000,0x00000000ec167878,0x00000000ec180000)
  to   space 1536K, 0% used [0x00000000ec200000,0x00000000ec200000,0x00000000ec380000)
 ParOldGen       total 68608K, used 29411K [0x00000000c0000000, 0x00000000c4300000, 0x00000000eab00000)
  object space 68608K, 42% used [0x00000000c0000000,0x00000000c1cb8f90,0x00000000c4300000)
 Metaspace       used 36720K, committed 37696K, reserved 1114112K
  class space    used 3569K, committed 4032K, reserved 1048576K
}
Event: 20.948 GC heap before
{Heap before GC invocations=22 (full 2):
 PSYoungGen      total 22528K, used 22374K [0x00000000eab00000, 0x00000000ec380000, 0x0000000100000000)
  eden space 21504K, 99% used [0x00000000eab00000,0x00000000ebff22d8,0x00000000ec000000)
  from space 1024K, 90% used [0x00000000ec080000,0x00000000ec167878,0x00000000ec180000)
  to   space 1536K, 0% used [0x00000000ec200000,0x00000000ec200000,0x00000000ec380000)
 ParOldGen       total 68608K, used 29411K [0x00000000c0000000, 0x00000000c4300000, 0x00000000eab00000)
  object space 68608K, 42% used [0x00000000c0000000,0x00000000c1cb8f90,0x00000000c4300000)
 Metaspace       used 37665K, committed 38656K, reserved 1114112K
  class space    used 3672K, committed 4096K, reserved 1048576K
}
Event: 20.952 GC heap after
{Heap after GC invocations=22 (full 2):
 PSYoungGen      total 22528K, used 880K [0x00000000eab00000, 0x00000000ec300000, 0x0000000100000000)
  eden space 21504K, 0% used [0x00000000eab00000,0x00000000eab00000,0x00000000ec000000)
  from space 1024K, 85% used [0x00000000ec200000,0x00000000ec2dc010,0x00000000ec300000)
  to   space 1024K, 0% used [0x00000000ec080000,0x00000000ec080000,0x00000000ec180000)
 ParOldGen       total 68608K, used 30051K [0x00000000c0000000, 0x00000000c4300000, 0x00000000eab00000)
  object space 68608K, 43% used [0x00000000c0000000,0x00000000c1d58e18,0x00000000c4300000)
 Metaspace       used 37665K, committed 38656K, reserved 1114112K
  class space    used 3672K, committed 4096K, reserved 1048576K
}
Event: 21.207 GC heap before
{Heap before GC invocations=23 (full 2):
 PSYoungGen      total 22528K, used 22383K [0x00000000eab00000, 0x00000000ec300000, 0x0000000100000000)
  eden space 21504K, 99% used [0x00000000eab00000,0x00000000ebfffeb8,0x00000000ec000000)
  from space 1024K, 85% used [0x00000000ec200000,0x00000000ec2dc010,0x00000000ec300000)
  to   space 1024K, 0% used [0x00000000ec080000,0x00000000ec080000,0x00000000ec180000)
 ParOldGen       total 68608K, used 30051K [0x00000000c0000000, 0x00000000c4300000, 0x00000000eab00000)
  object space 68608K, 43% used [0x00000000c0000000,0x00000000c1d58e18,0x00000000c4300000)
 Metaspace       used 38234K, committed 39232K, reserved 1114112K
  class space    used 3720K, committed 4160K, reserved 1048576K
}
Event: 21.210 GC heap after
{Heap after GC invocations=23 (full 2):
 PSYoungGen      total 22528K, used 783K [0x00000000eab00000, 0x00000000ec280000, 0x0000000100000000)
  eden space 21504K, 0% used [0x00000000eab00000,0x00000000eab00000,0x00000000ec000000)
  from space 1024K, 76% used [0x00000000ec080000,0x00000000ec143db8,0x00000000ec180000)
  to   space 1024K, 0% used [0x00000000ec180000,0x00000000ec180000,0x00000000ec280000)
 ParOldGen       total 68608K, used 30812K [0x00000000c0000000, 0x00000000c4300000, 0x00000000eab00000)
  object space 68608K, 44% used [0x00000000c0000000,0x00000000c1e173c0,0x00000000c4300000)
 Metaspace       used 38234K, committed 39232K, reserved 1114112K
  class space    used 3720K, committed 4160K, reserved 1048576K
}
Event: 21.463 GC heap before
{Heap before GC invocations=24 (full 2):
 PSYoungGen      total 22528K, used 22287K [0x00000000eab00000, 0x00000000ec280000, 0x0000000100000000)
  eden space 21504K, 99% used [0x00000000eab00000,0x00000000ebfffff8,0x00000000ec000000)
  from space 1024K, 76% used [0x00000000ec080000,0x00000000ec143db8,0x00000000ec180000)
  to   space 1024K, 0% used [0x00000000ec180000,0x00000000ec180000,0x00000000ec280000)
 ParOldGen       total 68608K, used 30812K [0x00000000c0000000, 0x00000000c4300000, 0x00000000eab00000)
  object space 68608K, 44% used [0x00000000c0000000,0x00000000c1e173c0,0x00000000c4300000)
 Metaspace       used 38530K, committed 39488K, reserved 1114112K
  class space    used 3735K, committed 4160K, reserved 1048576K
}
Event: 21.468 GC heap after
{Heap after GC invocations=24 (full 2):
 PSYoungGen      total 20480K, used 998K [0x00000000eab00000, 0x00000000ec700000, 0x0000000100000000)
  eden space 19456K, 0% used [0x00000000eab00000,0x00000000eab00000,0x00000000ebe00000)
  from space 1024K, 97% used [0x00000000ec180000,0x00000000ec279a58,0x00000000ec280000)
  to   space 3584K, 0% used [0x00000000ebe00000,0x00000000ebe00000,0x00000000ec180000)
 ParOldGen       total 68608K, used 32930K [0x00000000c0000000, 0x00000000c4300000, 0x00000000eab00000)
  object space 68608K, 47% used [0x00000000c0000000,0x00000000c2028a90,0x00000000c4300000)
 Metaspace       used 38530K, committed 39488K, reserved 1114112K
  class space    used 3735K, committed 4160K, reserved 1048576K
}
Event: 21.705 GC heap before
{Heap before GC invocations=25 (full 2):
 PSYoungGen      total 20480K, used 20443K [0x00000000eab00000, 0x00000000ec700000, 0x0000000100000000)
  eden space 19456K, 99% used [0x00000000eab00000,0x00000000ebdfd400,0x00000000ebe00000)
  from space 1024K, 97% used [0x00000000ec180000,0x00000000ec279a58,0x00000000ec280000)
  to   space 3584K, 0% used [0x00000000ebe00000,0x00000000ebe00000,0x00000000ec180000)
 ParOldGen       total 68608K, used 32930K [0x00000000c0000000, 0x00000000c4300000, 0x00000000eab00000)
  object space 68608K, 47% used [0x00000000c0000000,0x00000000c2028a90,0x00000000c4300000)
 Metaspace       used 38721K, committed 39616K, reserved 1114112K
  class space    used 3745K, committed 4160K, reserved 1048576K
}
Event: 21.710 GC heap after
{Heap after GC invocations=25 (full 2):
 PSYoungGen      total 23040K, used 3093K [0x00000000eab00000, 0x00000000ec500000, 0x0000000100000000)
  eden space 19456K, 0% used [0x00000000eab00000,0x00000000eab00000,0x00000000ebe00000)
  from space 3584K, 86% used [0x00000000ebe00000,0x00000000ec105488,0x00000000ec180000)
  to   space 3584K, 0% used [0x00000000ec180000,0x00000000ec180000,0x00000000ec500000)
 ParOldGen       total 68608K, used 33948K [0x00000000c0000000, 0x00000000c4300000, 0x00000000eab00000)
  object space 68608K, 49% used [0x00000000c0000000,0x00000000c2127058,0x00000000c4300000)
 Metaspace       used 38721K, committed 39616K, reserved 1114112K
  class space    used 3745K, committed 4160K, reserved 1048576K
}
Event: 21.904 GC heap before
{Heap before GC invocations=26 (full 2):
 PSYoungGen      total 23040K, used 22549K [0x00000000eab00000, 0x00000000ec500000, 0x0000000100000000)
  eden space 19456K, 100% used [0x00000000eab00000,0x00000000ebe00000,0x00000000ebe00000)
  from space 3584K, 86% used [0x00000000ebe00000,0x00000000ec105488,0x00000000ec180000)
  to   space 3584K, 0% used [0x00000000ec180000,0x00000000ec180000,0x00000000ec500000)
 ParOldGen       total 68608K, used 33948K [0x00000000c0000000, 0x00000000c4300000, 0x00000000eab00000)
  object space 68608K, 49% used [0x00000000c0000000,0x00000000c2127058,0x00000000c4300000)
 Metaspace       used 39108K, committed 40000K, reserved 1114112K
  class space    used 3766K, committed 4224K, reserved 1048576K
}
Event: 21.909 GC heap after
{Heap after GC invocations=26 (full 2):
 PSYoungGen      total 21504K, used 2033K [0x00000000eab00000, 0x00000000ec380000, 0x0000000100000000)
  eden space 19456K, 0% used [0x00000000eab00000,0x00000000eab00000,0x00000000ebe00000)
  from space 2048K, 99% used [0x00000000ec180000,0x00000000ec37c478,0x00000000ec380000)
  to   space 2560K, 0% used [0x00000000ebe80000,0x00000000ebe80000,0x00000000ec100000)
 ParOldGen       total 68608K, used 36900K [0x00000000c0000000, 0x00000000c4300000, 0x00000000eab00000)
  object space 68608K, 53% used [0x00000000c0000000,0x00000000c2409328,0x00000000c4300000)
 Metaspace       used 39108K, committed 40000K, reserved 1114112K
  class space    used 3766K, committed 4224K, reserved 1048576K
}
Event: 22.189 GC heap before
{Heap before GC invocations=27 (full 2):
 PSYoungGen      total 21504K, used 21489K [0x00000000eab00000, 0x00000000ec380000, 0x0000000100000000)
  eden space 19456K, 100% used [0x00000000eab00000,0x00000000ebe00000,0x00000000ebe00000)
  from space 2048K, 99% used [0x00000000ec180000,0x00000000ec37c478,0x00000000ec380000)
  to   space 2560K, 0% used [0x00000000ebe80000,0x00000000ebe80000,0x00000000ec100000)
 ParOldGen       total 68608K, used 36900K [0x00000000c0000000, 0x00000000c4300000, 0x00000000eab00000)
  object space 68608K, 53% used [0x00000000c0000000,0x00000000c2409328,0x00000000c4300000)
 Metaspace       used 39458K, committed 40448K, reserved 1114112K
  class space    used 3781K, committed 4224K, reserved 1048576K
}
Event: 22.195 GC heap after
{Heap after GC invocations=27 (full 2):
 PSYoungGen      total 20992K, used 1381K [0x00000000eab00000, 0x00000000ec200000, 0x0000000100000000)
  eden space 19456K, 0% used [0x00000000eab00000,0x00000000eab00000,0x00000000ebe00000)
  from space 1536K, 89% used [0x00000000ebe80000,0x00000000ebfd9728,0x00000000ec000000)
  to   space 2048K, 0% used [0x00000000ec000000,0x00000000ec000000,0x00000000ec200000)
 ParOldGen       total 68608K, used 38660K [0x00000000c0000000, 0x00000000c4300000, 0x00000000eab00000)
  object space 68608K, 56% used [0x00000000c0000000,0x00000000c25c1218,0x00000000c4300000)
 Metaspace       used 39458K, committed 40448K, reserved 1114112K
  class space    used 3781K, committed 4224K, reserved 1048576K
}

